<?xml version="1.0" encoding="UTF-8"?>
<!-- Generated by org.testng.reporters.JUnitXMLReporter -->
<testsuite ignored="0" hostname="DESKTOP-G7OM2A0" failures="1" tests="3" name="Test" time="11.427" errors="0" timestamp="2022-09-05T19:22:38 CEST">
  <testcase classname="testcase.VatRatesAvailable" name="checkFranceVATrates" time="2.109">
    <failure type="java.lang.AssertionError" message="The following asserts failed:
	ERROR: 2.1% VAT rate is NOT equal to the Price without VAT multiplier expected [× 0.021000] but found [[[ChromeDriver: chrome on WINDOWS (15f9cbd9968a3e6ba1691cb30e7f3454)] -&amp;gt; xpath: //input[@id=&amp;apos;VATpct2&amp;apos;]]]">
      <![CDATA[java.lang.AssertionError: The following asserts failed:
ERROR: 2.1% VAT rate is NOT equal to the Price without VAT multiplier expected [× 0.021000] but found [[[ChromeDriver: chrome on WINDOWS (15f9cbd9968a3e6ba1691cb30e7f3454)] -> xpath: //input[@id='VATpct2']]]
at base.GetVATpctComparison.getVATpctComparison2point1(GetVATpctComparison.java:29)
at testcase.VatRatesAvailable.checkFranceVATrates(VatRatesAvailable.java:19)
at java.base/java.util.ArrayList.forEach(ArrayList.java:1511)
... Removed 29 stack frames]]>
    </failure>
  </testcase> <!-- checkFranceVATrates -->
  <testcase classname="testcase.VatRatesAvailable" name="checkItalyVATrates" time="2.349"/>
  <testcase classname="testcase.VatRatesAvailable" name="checkUKVATrates" time="1.634"/>
</testsuite> <!-- Test -->
